<?xml version="1.0" encoding="UTF-8"?>
<!-- Generated by org.testng.reporters.JUnitXMLReporter -->
<testsuite ignored="0" hostname="Sivaram" failures="0" tests="7" name="Default test" time="2.255" errors="0" timestamp="2026-07-21T11:01:55 IST">
  <testcase classname="crud.crudrequests" name="createuserhashmap" time="1.597"/>
  <testcase classname="crud.crudrequests" name="createuserpojo" time="0.488"/>
  <testcase classname="crud.crudrequests" name="createuserjsoblibrary" time="0.041"/>
  <testcase classname="crud.crudrequests" name="createuserexternalfile" time="0.036"/>
  <testcase classname="crud.crudrequests" name="getUsers" time="0.021"/>
  <testcase classname="crud.crudrequests" name="updateuser" time="0.014"/>
  <testcase classname="crud.crudrequests" name="deleteuser" time="0.012"/>
</testsuite> <!-- Default test -->
