<?xml version="1.0" encoding="UTF-8"?>
<testng-results ignored="0" total="7" passed="7" failed="0" skipped="0">
  <reporter-output>
  </reporter-output>
  <suite started-at="2026-07-21T14:11:44 IST" name="Default suite" finished-at="2026-07-21T14:11:46 IST" duration-ms="2109">
    <groups>
    </groups>
    <test started-at="2026-07-21T14:11:44 IST" name="Default test" finished-at="2026-07-21T14:11:46 IST" duration-ms="2109">
      <class name="crud.crudrequests">
        <test-method signature="createuserhashmap()[pri:1, instance:crud.crudrequests@76ed1b7c]" started-at="2026-07-21T14:11:44 IST" name="createuserhashmap" finished-at="2026-07-21T14:11:46 IST" duration-ms="1500" status="PASS">
          <reporter-output>
          </reporter-output>
        </test-method> <!-- createuserhashmap -->
        <test-method signature="createuserpojo()[pri:2, instance:crud.crudrequests@76ed1b7c]" started-at="2026-07-21T14:11:46 IST" name="createuserpojo" finished-at="2026-07-21T14:11:46 IST" duration-ms="439" status="PASS">
          <reporter-output>
          </reporter-output>
        </test-method> <!-- createuserpojo -->
        <test-method signature="createuserjsoblibrary()[pri:3, instance:crud.crudrequests@76ed1b7c]" started-at="2026-07-21T14:11:46 IST" name="createuserjsoblibrary" finished-at="2026-07-21T14:11:46 IST" duration-ms="42" status="PASS">
          <reporter-output>
          </reporter-output>
        </test-method> <!-- createuserjsoblibrary -->
        <test-method signature="createuserexternalfile()[pri:4, instance:crud.crudrequests@76ed1b7c]" started-at="2026-07-21T14:11:46 IST" name="createuserexternalfile" finished-at="2026-07-21T14:11:46 IST" duration-ms="38" status="PASS">
          <reporter-output>
          </reporter-output>
        </test-method> <!-- createuserexternalfile -->
        <test-method signature="getUsers()[pri:5, instance:crud.crudrequests@76ed1b7c]" started-at="2026-07-21T14:11:46 IST" name="getUsers" finished-at="2026-07-21T14:11:46 IST" duration-ms="21" status="PASS">
          <reporter-output>
          </reporter-output>
        </test-method> <!-- getUsers -->
        <test-method signature="updateuser()[pri:6, instance:crud.crudrequests@76ed1b7c]" started-at="2026-07-21T14:11:46 IST" name="updateuser" finished-at="2026-07-21T14:11:46 IST" depends-on-methods="crud.crudrequests.createuserhashmap" duration-ms="15" status="PASS">
          <reporter-output>
          </reporter-output>
        </test-method> <!-- updateuser -->
        <test-method signature="deleteuser()[pri:7, instance:crud.crudrequests@76ed1b7c]" started-at="2026-07-21T14:11:46 IST" name="deleteuser" finished-at="2026-07-21T14:11:46 IST" depends-on-methods="crud.crudrequests.createuserhashmap" duration-ms="11" status="PASS">
          <reporter-output>
          </reporter-output>
        </test-method> <!-- deleteuser -->
      </class> <!-- crud.crudrequests -->
    </test> <!-- Default test -->
  </suite> <!-- Default suite -->
</testng-results>
