<?xml version="1.0" encoding="UTF-8"?>
<testng-results ignored="0" total="1" passed="1" failed="0" skipped="0">
  <reporter-output>
  </reporter-output>
  <suite started-at="2026-07-17T21:25:14 IST" name="Default suite" finished-at="2026-07-17T21:25:16 IST" duration-ms="1814">
    <groups>
    </groups>
    <test started-at="2026-07-17T21:25:14 IST" name="Default test" finished-at="2026-07-17T21:25:16 IST" duration-ms="1814">
      <class name="crud.crudrequests">
        <test-method signature="getUsers()[pri:1, instance:crud.crudrequests@292b08d6]" started-at="2026-07-17T21:25:14 IST" name="getUsers" finished-at="2026-07-17T21:25:16 IST" duration-ms="1777" status="PASS">
          <reporter-output>
          </reporter-output>
        </test-method> <!-- getUsers -->
      </class> <!-- crud.crudrequests -->
    </test> <!-- Default test -->
  </suite> <!-- Default suite -->
</testng-results>
