<?xml version="1.0" encoding="UTF-8"?>
<!-- Generated by org.testng.reporters.JUnitReportReporter -->
<testsuite hostname="Sivaram" failures="0" tests="2" name="serilizationdeserilization.serilizationanddeserilization" time="0.235" errors="0" timestamp="2026-07-16T16:05:58 IST" skipped="0">
  <testcase classname="serilizationdeserilization.serilizationanddeserilization" name="convertJsontoPojo" time="0.219"/>
  <testcase classname="serilizationdeserilization.serilizationanddeserilization" name="convertPojotoJson" time="0.016"/>
</testsuite> <!-- serilizationdeserilization.serilizationanddeserilization -->
