<?xml version="1.0" encoding="UTF-8"?>
<!-- Generated by org.testng.reporters.JUnitReportReporter -->
<testsuite hostname="Sivaram" failures="0" tests="7" name="crud.crudrequests" time="2.209" errors="0" timestamp="2026-07-21T11:01:56 IST" skipped="0">
  <testcase classname="crud.crudrequests" name="createuserhashmap" time="1.597"/>
  <testcase classname="crud.crudrequests" name="createuserpojo" time="0.488"/>
  <testcase classname="crud.crudrequests" name="createuserjsoblibrary" time="0.041"/>
  <testcase classname="crud.crudrequests" name="createuserexternalfile" time="0.036"/>
  <testcase classname="crud.crudrequests" name="getUsers" time="0.021"/>
  <testcase classname="crud.crudrequests" name="updateuser" time="0.014"/>
  <testcase classname="crud.crudrequests" name="deleteuser" time="0.012"/>
</testsuite> <!-- crud.crudrequests -->
