<?xml version="1.0" encoding="UTF-8"?>
<!-- Generated by org.testng.reporters.JUnitReportReporter -->
<testsuite hostname="Sivaram" failures="0" tests="7" name="crud.crudrequests" time="2.066" errors="0" timestamp="2026-07-21T14:11:46 IST" skipped="0">
  <testcase classname="crud.crudrequests" name="createuserhashmap" time="1.500"/>
  <testcase classname="crud.crudrequests" name="createuserpojo" time="0.439"/>
  <testcase classname="crud.crudrequests" name="createuserjsoblibrary" time="0.042"/>
  <testcase classname="crud.crudrequests" name="createuserexternalfile" time="0.038"/>
  <testcase classname="crud.crudrequests" name="getUsers" time="0.021"/>
  <testcase classname="crud.crudrequests" name="updateuser" time="0.015"/>
  <testcase classname="crud.crudrequests" name="deleteuser" time="0.011"/>
</testsuite> <!-- crud.crudrequests -->
